# JRE version: Java(TM) SE Runtime Environment (8.0_241-b07) (build 1.8.0_241-b07)
# Java VM: Java HotSpot(TM) 64-Bit Server VM (25.241-b07 mixed mode windows-amd64 compressed oops)
Heap:
 PSYoungGen      total 434688K, used 153566K [0x00000000d6100000, 0x0000000100000000, 0x0000000100000000)
  eden space 414720K, 36% used [0x00000000d6100000,0x00000000df6a7948,0x00000000ef600000)
  from space 19968K, 1% used [0x00000000ef600000,0x00000000ef650000,0x00000000f0980000)
  to   space 20480K, 0% used [0x00000000fec00000,0x00000000fec00000,0x0000000100000000)
 ParOldGen       total 86016K, used 35982K [0x0000000082200000, 0x0000000087600000, 0x00000000d6100000)
  object space 86016K, 41% used [0x0000000082200000,0x0000000084523898,0x0000000087600000)
 Metaspace       used 20086K, capacity 20736K, committed 20992K, reserved 1067008K
  class space    used 2308K, capacity 2506K, committed 2560K, reserved 1048576K
GC Heap History (10 events):
Event: 5.565 GC heap before
{Heap before GC invocations=7 (full 0):
 PSYoungGen      total 143872K, used 141768K [0x00000000d6100000, 0x00000000dfe00000, 0x0000000100000000)
  eden space 130048K, 100% used [0x00000000d6100000,0x00000000de000000,0x00000000de000000)
  from space 13824K, 84% used [0x00000000dee80000,0x00000000df9f2060,0x00000000dfc00000)
  to   space 14848K, 0% used [0x00000000de000000,0x00000000de000000,0x00000000dee80000)
 ParOldGen       total 86016K, used 16683K [0x0000000082200000, 0x0000000087600000, 0x00000000d6100000)
  object space 86016K, 19% used [0x0000000082200000,0x000000008324ae70,0x0000000087600000)
 Metaspace       used 17930K, capacity 18406K, committed 18560K, reserved 1064960K
  class space    used 2061K, capacity 2158K, committed 2176K, reserved 1048576K
Event: 5.588 GC heap after
Heap after GC invocations=7 (full 0):
 PSYoungGen      total 144896K, used 14816K [0x00000000d6100000, 0x00000000e8400000, 0x0000000100000000)
  eden space 130048K, 0% used [0x00000000d6100000,0x00000000d6100000,0x00000000de000000)
  from space 14848K, 99% used [0x00000000de000000,0x00000000dee78020,0x00000000dee80000)
  to   space 18944K, 0% used [0x00000000e7180000,0x00000000e7180000,0x00000000e8400000)
 ParOldGen       total 86016K, used 20989K [0x0000000082200000, 0x0000000087600000, 0x00000000d6100000)
  object space 86016K, 24% used [0x0000000082200000,0x000000008367f668,0x0000000087600000)
 Metaspace       used 17930K, capacity 18406K, committed 18560K, reserved 1064960K
  class space    used 2061K, capacity 2158K, committed 2176K, reserved 1048576K
}
Event: 5.872 GC heap before
{Heap before GC invocations=8 (full 0):
 PSYoungGen      total 144896K, used 144864K [0x00000000d6100000, 0x00000000e8400000, 0x0000000100000000)
  eden space 130048K, 100% used [0x00000000d6100000,0x00000000de000000,0x00000000de000000)
  from space 14848K, 99% used [0x00000000de000000,0x00000000dee78020,0x00000000dee80000)
  to   space 18944K, 0% used [0x00000000e7180000,0x00000000e7180000,0x00000000e8400000)
 ParOldGen       total 86016K, used 20989K [0x0000000082200000, 0x0000000087600000, 0x00000000d6100000)
  object space 86016K, 24% used [0x0000000082200000,0x000000008367f668,0x0000000087600000)
 Metaspace       used 17966K, capacity 18470K, committed 18560K, reserved 1064960K
  class space    used 2063K, capacity 2158K, committed 2176K, reserved 1048576K
Event: 5.884 GC heap after
Heap after GC invocations=8 (full 0):
 PSYoungGen      total 278528K, used 13184K [0x00000000d6100000, 0x00000000e8500000, 0x0000000100000000)
  eden space 259584K, 0% used [0x00000000d6100000,0x00000000d6100000,0x00000000e5e80000)
  from space 18944K, 69% used [0x00000000e7180000,0x00000000e7e60000,0x00000000e8400000)
  to   space 19456K, 0% used [0x00000000e5e80000,0x00000000e5e80000,0x00000000e7180000)
 ParOldGen       total 86016K, used 23031K [0x0000000082200000, 0x0000000087600000, 0x00000000d6100000)
  object space 86016K, 26% used [0x0000000082200000,0x000000008387dea8,0x0000000087600000)
 Metaspace       used 17966K, capacity 18470K, committed 18560K, reserved 1064960K
  class space    used 2063K, capacity 2158K, committed 2176K, reserved 1048576K
}
Event: 6.095 GC heap before
{Heap before GC invocations=9 (full 0):
 PSYoungGen      total 278528K, used 272768K [0x00000000d6100000, 0x00000000e8500000, 0x0000000100000000)
  eden space 259584K, 100% used [0x00000000d6100000,0x00000000e5e80000,0x00000000e5e80000)
  from space 18944K, 69% used [0x00000000e7180000,0x00000000e7e60000,0x00000000e8400000)
  to   space 19456K, 0% used [0x00000000e5e80000,0x00000000e5e80000,0x00000000e7180000)
 ParOldGen       total 86016K, used 23031K [0x0000000082200000, 0x0000000087600000, 0x00000000d6100000)
  object space 86016K, 26% used [0x0000000082200000,0x000000008387dea8,0x0000000087600000)
 Metaspace       used 17978K, capacity 18470K, committed 18560K, reserved 1064960K
  class space    used 2063K, capacity 2158K, committed 2176K, reserved 1048576K
Event: 6.108 GC heap after
Heap after GC invocations=9 (full 0):
 PSYoungGen      total 279040K, used 6608K [0x00000000d6100000, 0x00000000f1c00000, 0x0000000100000000)
  eden space 259584K, 0% used [0x00000000d6100000,0x00000000d6100000,0x00000000e5e80000)
  from space 19456K, 33% used [0x00000000e5e80000,0x00000000e64f4010,0x00000000e7180000)
  to   space 18944K, 0% used [0x00000000f0980000,0x00000000f0980000,0x00000000f1c00000)
 ParOldGen       total 86016K, used 29486K [0x0000000082200000, 0x0000000087600000, 0x00000000d6100000)
  object space 86016K, 34% used [0x0000000082200000,0x0000000083ecb968,0x0000000087600000)
 Metaspace       used 17978K, capacity 18470K, committed 18560K, reserved 1064960K
  class space    used 2063K, capacity 2158K, committed 2176K, reserved 1048576K
}
Event: 6.308 GC heap before
{Heap before GC invocations=10 (full 0):
 PSYoungGen      total 279040K, used 266192K [0x00000000d6100000, 0x00000000f1c00000, 0x0000000100000000)
  eden space 259584K, 100% used [0x00000000d6100000,0x00000000e5e80000,0x00000000e5e80000)
  from space 19456K, 33% used [0x00000000e5e80000,0x00000000e64f4010,0x00000000e7180000)
  to   space 18944K, 0% used [0x00000000f0980000,0x00000000f0980000,0x00000000f1c00000)
 ParOldGen       total 86016K, used 29486K [0x0000000082200000, 0x0000000087600000, 0x00000000d6100000)
  object space 86016K, 34% used [0x0000000082200000,0x0000000083ecb968,0x0000000087600000)
 Metaspace       used 17985K, capacity 18470K, committed 18560K, reserved 1064960K
  class space    used 2063K, capacity 2158K, committed 2176K, reserved 1048576K
Event: 6.312 GC heap after
Heap after GC invocations=10 (full 0):
 PSYoungGen      total 433664K, used 192K [0x00000000d6100000, 0x00000000f1e00000, 0x0000000100000000)
  eden space 414720K, 0% used [0x00000000d6100000,0x00000000d6100000,0x00000000ef600000)
  from space 18944K, 1% used [0x00000000f0980000,0x00000000f09b0020,0x00000000f1c00000)
  to   space 19968K, 0% used [0x00000000ef600000,0x00000000ef600000,0x00000000f0980000)
 ParOldGen       total 86016K, used 35958K [0x0000000082200000, 0x0000000087600000, 0x00000000d6100000)
  object space 86016K, 41% used [0x0000000082200000,0x000000008451d898,0x0000000087600000)
 Metaspace       used 17985K, capacity 18470K, committed 18560K, reserved 1064960K
  class space    used 2063K, capacity 2158K, committed 2176K, reserved 1048576K
}
Event: 6.922 GC heap before
{Heap before GC invocations=11 (full 0):
 PSYoungGen      total 433664K, used 414912K [0x00000000d6100000, 0x00000000f1e00000, 0x0000000100000000)
  eden space 414720K, 100% used [0x00000000d6100000,0x00000000ef600000,0x00000000ef600000)
  from space 18944K, 1% used [0x00000000f0980000,0x00000000f09b0020,0x00000000f1c00000)
  to   space 19968K, 0% used [0x00000000ef600000,0x00000000ef600000,0x00000000f0980000)
 ParOldGen       total 86016K, used 35958K [0x0000000082200000, 0x0000000087600000, 0x00000000d6100000)
  object space 86016K, 41% used [0x0000000082200000,0x000000008451d898,0x0000000087600000)
 Metaspace       used 18017K, capacity 18470K, committed 18560K, reserved 1064960K
  class space    used 2063K, capacity 2158K, committed 2176K, reserved 1048576K
Event: 6.940 GC heap after
Heap after GC invocations=11 (full 0):
 PSYoungGen      total 434688K, used 320K [0x00000000d6100000, 0x0000000100000000, 0x0000000100000000)
  eden space 414720K, 0% used [0x00000000d6100000,0x00000000d6100000,0x00000000ef600000)
  from space 19968K, 1% used [0x00000000ef600000,0x00000000ef650000,0x00000000f0980000)
  to   space 20480K, 0% used [0x00000000fec00000,0x00000000fec00000,0x0000000100000000)
 ParOldGen       total 86016K, used 35982K [0x0000000082200000, 0x0000000087600000, 0x00000000d6100000)
  object space 86016K, 41% used [0x0000000082200000,0x0000000084523898,0x0000000087600000)
 Metaspace       used 18017K, capacity 18470K, committed 18560K, reserved 1064960K
  class space    used 2063K, capacity 2158K, committed 2176K, reserved 1048576K
}

